Loading diffusion model...
  UNet converted to fp16
Loading restorer...
==========================================================
  Task:              restoration
  Guidance scale:    0.1
  N:                 1  (range [1.0T, 0.0T])
  Steps:             full 1000
  DDIM:              False
  Seed:              1234
  Input:             ../testdata/cropped_faces
==========================================================
[1/1] 0040.png

---
[rank0]: Traceback (most recent call last):
[rank0]:   File "/mnt/workspace/autoPGDiff/autoresearch/train.py", line 1027, in <module>
[rank0]:     main()
[rank0]:   File "/mnt/workspace/autoPGDiff/autoresearch/train.py", line 988, in main
[rank0]:     peak_vram_mb, per_image_seconds, per_image_metrics, speed_stats = run_experiment(
[rank0]:                                                                       ^^^^^^^^^^^^^^^
[rank0]:   File "/mnt/workspace/autoPGDiff/autoresearch/train.py", line 671, in run_experiment
[rank0]:     sample = diffusion.p_sample_loop(
[rank0]:              ^^^^^^^^^^^^^^^^^^^^^^^^
[rank0]:   File "/mnt/workspace/autoPGDiff/guided_diffusion/gaussian_diffusion.py", line 541, in p_sample_loop
[rank0]:     for sample in self.p_sample_loop_progressive(
[rank0]:                   ^^^^^^^^^^^^^^^^^^^^^^^^^^^^^^^
[rank0]:   File "/mnt/workspace/autoPGDiff/guided_diffusion/gaussian_diffusion.py", line 599, in p_sample_loop_progressive
[rank0]:     out = self.p_sample(
[rank0]:           ^^^^^^^^^^^^^^
[rank0]:   File "/mnt/workspace/autoPGDiff/guided_diffusion/gaussian_diffusion.py", line 429, in p_sample
[rank0]:     out = self.p_mean_variance(
[rank0]:           ^^^^^^^^^^^^^^^^^^^^^
[rank0]:   File "/mnt/workspace/autoPGDiff/guided_diffusion/respace.py", line 91, in p_mean_variance
[rank0]:     return super().p_mean_variance(self._wrap_model(model), *args, **kwargs)
[rank0]:            ^^^^^^^^^^^^^^^^^^^^^^^^^^^^^^^^^^^^^^^^^^^^^^^^^^^^^^^^^^^^^^^^^
[rank0]:   File "/mnt/workspace/autoPGDiff/guided_diffusion/gaussian_diffusion.py", line 260, in p_mean_variance
[rank0]:     model_output = model(x, self._scale_timesteps(t), **model_kwargs)
[rank0]:                    ^^^^^^^^^^^^^^^^^^^^^^^^^^^^^^^^^^^^^^^^^^^^^^^^^^
[rank0]:   File "/mnt/workspace/autoPGDiff/guided_diffusion/respace.py", line 128, in __call__
[rank0]:     return self.model(x, new_ts, **kwargs)
[rank0]:            ^^^^^^^^^^^^^^^^^^^^^^^^^^^^^^^
[rank0]:   File "/mnt/workspace/autoPGDiff/autoresearch/train.py", line 332, in model_fn
[rank0]:     return model(x, t, y if get_model_defaults()["class_cond"] else None)
[rank0]:            ^^^^^^^^^^^^^^^^^^^^^^^^^^^^^^^^^^^^^^^^^^^^^^^^^^^^^^^^^^^^^^
[rank0]:   File "/usr/local/lib/python3.12/site-packages/torch/nn/modules/module.py", line 1776, in _wrapped_call_impl
[rank0]:     return self._call_impl(*args, **kwargs)
[rank0]:            ^^^^^^^^^^^^^^^^^^^^^^^^^^^^^^^^
[rank0]:   File "/usr/local/lib/python3.12/site-packages/torch/nn/modules/module.py", line 1787, in _call_impl
[rank0]:     return forward_call(*args, **kwargs)
[rank0]:            ^^^^^^^^^^^^^^^^^^^^^^^^^^^^^
[rank0]:   File "/mnt/workspace/autoPGDiff/guided_diffusion/unet.py", line 610, in forward
[rank0]:     emb = self.time_embed(timestep_embedding(timesteps, self.model_channels))
[rank0]:           ^^^^^^^^^^^^^^^^^^^^^^^^^^^^^^^^^^^^^^^^^^^^^^^^^^^^^^^^^^^^^^^^^^^
[rank0]:   File "/usr/local/lib/python3.12/site-packages/torch/nn/modules/module.py", line 1776, in _wrapped_call_impl
[rank0]:     return self._call_impl(*args, **kwargs)
[rank0]:            ^^^^^^^^^^^^^^^^^^^^^^^^^^^^^^^^
[rank0]:   File "/usr/local/lib/python3.12/site-packages/torch/nn/modules/module.py", line 1787, in _call_impl
[rank0]:     return forward_call(*args, **kwargs)
[rank0]:            ^^^^^^^^^^^^^^^^^^^^^^^^^^^^^
[rank0]:   File "/usr/local/lib/python3.12/site-packages/torch/nn/modules/container.py", line 253, in forward
[rank0]:     input = module(input)
[rank0]:             ^^^^^^^^^^^^^
[rank0]:   File "/usr/local/lib/python3.12/site-packages/torch/nn/modules/module.py", line 1776, in _wrapped_call_impl
[rank0]:     return self._call_impl(*args, **kwargs)
[rank0]:            ^^^^^^^^^^^^^^^^^^^^^^^^^^^^^^^^
[rank0]:   File "/usr/local/lib/python3.12/site-packages/torch/nn/modules/module.py", line 1787, in _call_impl
[rank0]:     return forward_call(*args, **kwargs)
[rank0]:            ^^^^^^^^^^^^^^^^^^^^^^^^^^^^^
[rank0]:   File "/usr/local/lib/python3.12/site-packages/torch/nn/modules/linear.py", line 134, in forward
[rank0]:     return F.linear(input, self.weight, self.bias)
[rank0]:            ^^^^^^^^^^^^^^^^^^^^^^^^^^^^^^^^^^^^^^^
[rank0]: RuntimeError: mat1 and mat2 must have the same dtype, but got Float and Half
[rank0]:[W525 19:58:49.110912935 ProcessGroupNCCL.cpp:1553] Warning: WARNING: destroy_process_group() was not called before program exit, which can leak resources. For more info, please see https://pytorch.org/docs/stable/distributed.html#shutdown (function operator())
