Loading diffusion model...
Loading restorer...
==========================================================
  Task:              restoration
  Guidance scale:    0.1
  N:                 1  (range [1.0T, 0.7T])
  Steps:             full 1000
  DDIM:              True
  Seed:              1234
  Input:             ../testdata/cropped_faces
==========================================================
[1/1] 0040.png

---
quality_score_v2:    0.1957   <-- PRIMARY (higher = better)
quality_score_old:    4.505   (deprecated, lower = better)
avg_guidance_loss:    174577.739
num_images:           1
total_seconds:        8.4
peak_vram_mb:         1053.6
task:                 restoration
guidance_scale:       0.100
N:                    1
timestep_respacing:   ddpm1000
use_ddim:             True
seed:                 1234
guidance_calls:       37
restorer_calls:       37
s_per_image:          8.41
ms_per_guidance:      227.41
edge_density_avg:              0.9184
edge_density_max:              0.9184
edge_density_min:              0.9184
local_var_mean_avg:              2780.3193
local_var_mean_max:              2780.3193
local_var_mean_min:              2780.3193
naturalness_avg:              0.7148
naturalness_max:              0.7148
naturalness_min:              0.7148
sharpness_avg:              38750.2085
sharpness_gain_avg:              5764.0274
sharpness_gain_max:              5764.0274
sharpness_gain_min:              5764.0274
sharpness_max:              38750.2085
sharpness_min:              38750.2085
ssim_input_avg:              0.0548
ssim_input_max:              0.0548
ssim_input_min:              0.0548
loss_edge_preservation:           5103.098
loss_smooth_semantics:           293945.973

---
[rank0]:[W525 18:46:20.858475124 ProcessGroupNCCL.cpp:1553] Warning: WARNING: destroy_process_group() was not called before program exit, which can leak resources. For more info, please see https://pytorch.org/docs/stable/distributed.html#shutdown (function operator())
