Loading diffusion model...
Loading restorer...
==========================================================
  Task:              restoration
  Guidance scale:    0.1
  N:                 1  (range [1.0T, 0.7T])
  Steps:             full 1000
  DDIM:              False
  Seed:              1234
  Input:             ../testdata/cropped_faces
==========================================================
[1/1] 0040.png

---
quality_score_v2:    0.4277   <-- PRIMARY (higher = better)
quality_score_old:    12.853   (deprecated, lower = better)
avg_guidance_loss:    143878.070
num_images:           1
total_seconds:        68.5
peak_vram_mb:         1053.6
task:                 restoration
guidance_scale:       0.100
N:                    1
timestep_respacing:   ddpm1000
use_ddim:             False
seed:                 1234
guidance_calls:       507
restorer_calls:       507
s_per_image:          68.49
ms_per_guidance:      135.09
edge_density_avg:              0.4720
edge_density_max:              0.4720
edge_density_min:              0.4720
local_var_mean_avg:              2667.4575
local_var_mean_max:              2667.4575
local_var_mean_min:              2667.4575
naturalness_avg:              0.8654
naturalness_max:              0.8654
naturalness_min:              0.8654
sharpness_avg:              11193.7046
sharpness_gain_avg:              1665.0445
sharpness_gain_max:              1665.0445
sharpness_gain_min:              1665.0445
sharpness_max:              11193.7046
sharpness_min:              11193.7046
ssim_input_avg:              0.0989
ssim_input_max:              0.0989
ssim_input_min:              0.0989
loss_edge_preservation:           3077.059
loss_smooth_semantics:           239579.022

---
[rank0]:[W525 19:27:01.424816874 ProcessGroupNCCL.cpp:1553] Warning: WARNING: destroy_process_group() was not called before program exit, which can leak resources. For more info, please see https://pytorch.org/docs/stable/distributed.html#shutdown (function operator())
