Loading diffusion model...
Loading restorer...
==========================================================
  Task:              restoration
  Guidance scale:    0.1
  N:                 1  (range [1.0T, 0.7T])
  Steps:             full 1000
  DDIM:              False
  Seed:              1234
  Input:             ../testdata/cropped_faces
==========================================================
[1/1] 0040.png

---
quality_score_v2:    0.1744   <-- PRIMARY (higher = better)
quality_score_old:    5.048   (deprecated, lower = better)
avg_guidance_loss:    135964.203
num_images:           1
total_seconds:        13.7
peak_vram_mb:         1065.7
task:                 restoration
guidance_scale:       0.100
N:                    1
timestep_respacing:   ddpm1000
use_ddim:             False
seed:                 1234
guidance_calls:       78
restorer_calls:       78
s_per_image:          13.75
ms_per_guidance:      176.23
edge_density_avg:              0.9567
edge_density_max:              0.9567
edge_density_min:              0.9567
local_var_mean_avg:              939.2438
local_var_mean_max:              939.2438
local_var_mean_min:              939.2438
naturalness_avg:              0.7076
naturalness_max:              0.7076
naturalness_min:              0.7076
sharpness_avg:              26935.3846
sharpness_gain_avg:              4006.5925
sharpness_gain_max:              4006.5925
sharpness_gain_min:              4006.5925
sharpness_max:              26935.3846
sharpness_min:              26935.3846
ssim_input_avg:              0.0493
ssim_input_max:              0.0493
ssim_input_min:              0.0493
loss_edge_preservation:           7024.918
loss_smooth_semantics:           318591.739

---
[rank0]:[W525 19:23:16.759422284 ProcessGroupNCCL.cpp:1553] Warning: WARNING: destroy_process_group() was not called before program exit, which can leak resources. For more info, please see https://pytorch.org/docs/stable/distributed.html#shutdown (function operator())
