Loading diffusion model...
Loading restorer...
==========================================================
  Task:              restoration
  Guidance scale:    0.1
  N:                 1  (range [1.0T, 0.7T])
  Steps:             full 1000
  DDIM:              False
  Seed:              1234
  Input:             ../testdata/cropped_faces
==========================================================
[1/1] 0040.png

---
quality_score_v2:    0.9806   <-- PRIMARY (higher = better)
quality_score_old:    9.826   (deprecated, lower = better)
avg_guidance_loss:    137020.098
num_images:           1
total_seconds:        26.9
peak_vram_mb:         1053.6
task:                 restoration
guidance_scale:       0.100
N:                    1
timestep_respacing:   ddpm1000
use_ddim:             False
seed:                 1234
guidance_calls:       185
restorer_calls:       185
s_per_image:          26.95
ms_per_guidance:      145.65
edge_density_avg:              0.7556
edge_density_max:              0.7556
edge_density_min:              0.7556
local_var_mean_avg:              2112.0858
local_var_mean_max:              2112.0858
local_var_mean_min:              2112.0858
naturalness_avg:              0.7538
naturalness_max:              0.7538
naturalness_min:              0.7538
sharpness_avg:              13945.0396
sharpness_gain_avg:              2074.3009
sharpness_gain_max:              2074.3009
sharpness_gain_min:              2074.3009
sharpness_max:              13945.0396
sharpness_min:              13945.0396
ssim_input_avg:              0.2602
ssim_input_max:              0.2602
ssim_input_min:              0.2602
loss_edge_preservation:           3402.246
loss_smooth_semantics:           239705.312

---
[rank0]:[W525 19:24:17.196987967 ProcessGroupNCCL.cpp:1553] Warning: WARNING: destroy_process_group() was not called before program exit, which can leak resources. For more info, please see https://pytorch.org/docs/stable/distributed.html#shutdown (function operator())
