Loading diffusion model...
Loading restorer...
==========================================================
  Task:              restoration
  Guidance scale:    0.1
  N:                 1  (range [1.0T, 0.7T])
  Steps:             full 1000
  DDIM:              True
  Seed:              1234
  Input:             ../testdata/cropped_faces
==========================================================
[1/1] 0040.png

---
quality_score_v2:    0.1754   <-- PRIMARY (higher = better)
quality_score_old:    6.561   (deprecated, lower = better)
avg_guidance_loss:    172744.266
num_images:           1
total_seconds:        8.4
peak_vram_mb:         1031.6
task:                 restoration
guidance_scale:       0.100
N:                    1
timestep_respacing:   ddpm1000
use_ddim:             True
seed:                 1234
guidance_calls:       34
restorer_calls:       34
s_per_image:          8.43
ms_per_guidance:      247.94
edge_density_avg:              0.9616
edge_density_max:              0.9616
edge_density_min:              0.9616
local_var_mean_avg:              952.6708
local_var_mean_max:              952.6708
local_var_mean_min:              952.6708
naturalness_avg:              0.7066
naturalness_max:              0.7066
naturalness_min:              0.7066
sharpness_avg:              26330.9564
sharpness_gain_avg:              3916.6849
sharpness_gain_max:              3916.6849
sharpness_gain_min:              3916.6849
sharpness_max:              26330.9564
sharpness_min:              26330.9564
ssim_input_avg:              0.0496
ssim_input_max:              0.0496
ssim_input_min:              0.0496
loss_edge_preservation:           7171.640
loss_smooth_semantics:           294729.666

---
[rank0]:[W525 19:07:25.533219804 ProcessGroupNCCL.cpp:1553] Warning: WARNING: destroy_process_group() was not called before program exit, which can leak resources. For more info, please see https://pytorch.org/docs/stable/distributed.html#shutdown (function operator())
