Loading diffusion model...
Loading restorer...
==========================================================
  Task:              restoration
  Guidance scale:    0.1
  N:                 1  (range [1.0T, 0.7T])
  Steps:             full 1000
  DDIM:              False
  Seed:              1234
  Input:             ../testdata/cropped_faces
==========================================================
[1/1] 0040.png

---
quality_score_v2:    3.6924   <-- PRIMARY (higher = better)
quality_score_old:    58.818   (deprecated, lower = better)
avg_guidance_loss:    3177.250
num_images:           1
total_seconds:        79.2
peak_vram_mb:         1018.0
task:                 restoration
guidance_scale:       0.100
N:                    1
timestep_respacing:   ddpm1000
use_ddim:             False
seed:                 1234
guidance_calls:       1000
restorer_calls:       300
s_per_image:          79.20
ms_per_guidance:      79.20
edge_density_avg:              0.2528
edge_density_max:              0.2528
edge_density_min:              0.2528
local_var_mean_avg:              260.3697
local_var_mean_max:              260.3697
local_var_mean_min:              260.3697
naturalness_avg:              0.8659
naturalness_max:              0.8659
naturalness_min:              0.8659
sharpness_avg:              54.0187
sharpness_gain_avg:              8.0352
sharpness_gain_max:              8.0352
sharpness_gain_min:              8.0352
sharpness_max:              54.0187
sharpness_min:              54.0187
ssim_input_avg:              0.8529
ssim_input_max:              0.8529
ssim_input_min:              0.8529
loss_edge_preservation:           936.567
loss_smooth_semantics:           10253.601

---
[rank0]:[W525 20:06:27.845431036 ProcessGroupNCCL.cpp:1553] Warning: WARNING: destroy_process_group() was not called before program exit, which can leak resources. For more info, please see https://pytorch.org/docs/stable/distributed.html#shutdown (function operator())
