Loading diffusion model...
Loading restorer...
==========================================================
  Task:              restoration
  Guidance scale:    0.1
  N:                 1  (range [1.0T, 0.0T])
  Steps:             full 1000
  DDIM:              False
  Seed:              1234
  Input:             ../testdata/cropped_faces
==========================================================
[1/1] 0040.png

---
quality_score_v2:    3.5824   <-- PRIMARY (higher = better)
quality_score_old:    54.665   (deprecated, lower = better)
avg_guidance_loss:    2092.186
num_images:           1
total_seconds:        65.3
peak_vram_mb:         1018.6
task:                 restoration
guidance_scale:       0.100
N:                    1
timestep_respacing:   ddpm1000
use_ddim:             False
seed:                 1234
guidance_calls:       1000
restorer_calls:       100
s_per_image:          65.26
ms_per_guidance:      65.26
edge_density_avg:              0.2515
edge_density_max:              0.2515
edge_density_min:              0.2515
local_var_mean_avg:              172.2669
local_var_mean_max:              172.2669
local_var_mean_min:              172.2669
naturalness_avg:              0.8663
naturalness_max:              0.8663
naturalness_min:              0.8663
sharpness_avg:              38.2729
sharpness_gain_avg:              5.6930
sharpness_gain_max:              5.6930
sharpness_gain_min:              5.6930
sharpness_max:              38.2729
sharpness_min:              38.2729
ssim_input_avg:              0.8271
ssim_input_max:              0.8271
ssim_input_min:              0.8271
loss_edge_preservation:           562.560
loss_smooth_semantics:           23623.546

---
[rank0]:[W525 20:05:05.739587856 ProcessGroupNCCL.cpp:1553] Warning: WARNING: destroy_process_group() was not called before program exit, which can leak resources. For more info, please see https://pytorch.org/docs/stable/distributed.html#shutdown (function operator())
