Loading diffusion model...
Loading restorer...
==========================================================
  Task:              restoration
  Guidance scale:    0.01
  N:                 1  (range [1.0T, 0.7T])
  Steps:             full 1000
  DDIM:              False
  Seed:              1234
  Input:             ../testdata/cropped_faces
==========================================================
[1/1] 0040.png

---
quality_score:       3.593   <-- PRIMARY (lower = better)
avg_guidance_loss:   142924.315
num_images:          1
loss_per_image:      142924.315
total_seconds:       17.4
peak_vram_mb:        1055.0
task:                restoration
guidance_scale:      0.010
N:                   1
timestep_respacing:  ddpm1000
use_ddim:            False
seed:                1234
guidance_calls:      95
restorer_calls:      95
s_per_image:         17.37
ms_per_guidance:      182.81
sharpness_avg:             39781.108
sharpness_max:             39781.108
sharpness_min:             39781.108
loss_edge_preservation:          0.000
loss_smooth_semantics:          240080.433
[rank0]:[W518 11:18:00.036635257 ProcessGroupNCCL.cpp:1524] Warning: WARNING: destroy_process_group() was not called before program exit, which can leak resources. For more info, please see https://pytorch.org/docs/stable/distributed.html#shutdown (function operator())
