Loading diffusion model...
Loading restorer...
==========================================================
  Task:              restoration
  Guidance scale:    0.01
  N:                 1  (range [1.0T, 0.7T])
  Steps:             full 1000
  DDIM:              False
  Seed:              1234
  Input:             ../testdata/cropped_faces
==========================================================
[1/1] 0040.png

---
quality_score:       509.244   <-- PRIMARY (lower = better)
avg_guidance_loss:   19849.728
num_images:          1
loss_per_image:      19849.728
total_seconds:       136.4
peak_vram_mb:        1019.0
task:                restoration
guidance_scale:      0.010
N:                   1
timestep_respacing:  ddpm1000
use_ddim:            False
seed:                1234
guidance_calls:      1000
restorer_calls:      1000
s_per_image:         136.36
ms_per_guidance:      136.36
sharpness_avg:             38.979
sharpness_max:             38.979
sharpness_min:             38.979
loss_edge_preservation:          0.000
loss_smooth_semantics:          22976.267
[rank0]:[W518 11:35:51.257554288 ProcessGroupNCCL.cpp:1524] Warning: WARNING: destroy_process_group() was not called before program exit, which can leak resources. For more info, please see https://pytorch.org/docs/stable/distributed.html#shutdown (function operator())
