Loading diffusion model...
Loading restorer...
==========================================================
  Task:              restoration
  Guidance scale:    0.1
  N:                 1  (range [1.0T, 0.0T])
  Steps:             full 1000
  DDIM:              False
  Seed:              1234
  Input:             ../testdata/cropped_faces
==========================================================
[1/1] 0040.png

---
quality_score_v2:    3.7905   <-- PRIMARY (higher = better)
quality_score_old:    60.112   (deprecated, lower = better)
avg_guidance_loss:    2377.311
num_images:           1
total_seconds:        82.3
peak_vram_mb:         1018.6
task:                 restoration
guidance_scale:       0.100
N:                    1
timestep_respacing:   ddpm1000
use_ddim:             False
seed:                 1234
guidance_calls:       1000
restorer_calls:       333
s_per_image:          82.33
ms_per_guidance:      82.33
edge_density_avg:              0.2386
edge_density_max:              0.2386
edge_density_min:              0.2386
local_var_mean_avg:              215.0110
local_var_mean_max:              215.0110
local_var_mean_min:              215.0110
naturalness_avg:              0.8666
naturalness_max:              0.8666
naturalness_min:              0.8666
sharpness_avg:              39.5482
sharpness_gain_avg:              5.8827
sharpness_gain_max:              5.8827
sharpness_gain_min:              5.8827
sharpness_max:              39.5482
sharpness_min:              39.5482
ssim_input_avg:              0.8748
ssim_input_max:              0.8748
ssim_input_min:              0.8748
loss_edge_preservation:           470.985
loss_smooth_semantics:           7458.310

---
[rank0]:[W525 20:02:42.778232625 ProcessGroupNCCL.cpp:1553] Warning: WARNING: destroy_process_group() was not called before program exit, which can leak resources. For more info, please see https://pytorch.org/docs/stable/distributed.html#shutdown (function operator())
