Loading diffusion model...
Loading restorer...
==========================================================
  Task:              restoration
  Guidance scale:    5.0
  N:                 1  (range [1.0T, 0.7T])
  Steps:             full 1000
  DDIM:              True
  Seed:              1234
  Input:             ../testdata/cropped_faces
==========================================================
[1/1] 0040.png

---
quality_score_v2:    0.3296   <-- PRIMARY (higher = better)
quality_score_old:    17.692   (deprecated, lower = better)
avg_guidance_loss:    123441.766
num_images:           1
total_seconds:        12.3
peak_vram_mb:         1053.6
task:                 restoration
guidance_scale:       5.000
N:                    1
timestep_respacing:   ddpm1000
use_ddim:             True
seed:                 1234
guidance_calls:       67
restorer_calls:       67
s_per_image:          12.34
ms_per_guidance:      184.11
edge_density_avg:              0.1666
edge_density_max:              0.1666
edge_density_min:              0.1666
local_var_mean_avg:              2709.7251
local_var_mean_max:              2709.7251
local_var_mean_min:              2709.7251
naturalness_avg:              0.6667
naturalness_max:              0.6667
naturalness_min:              0.6667
sharpness_avg:              6977.1541
sharpness_gain_avg:              1037.8398
sharpness_gain_max:              1037.8398
sharpness_gain_min:              1037.8398
sharpness_max:              6977.1541
sharpness_min:              6977.1541
ssim_input_avg:              0.0989
ssim_input_max:              0.0989
ssim_input_min:              0.0989
loss_edge_preservation:           2430.563
loss_smooth_semantics:           192551.236

---
[rank0]:[W525 19:06:21.797147288 ProcessGroupNCCL.cpp:1553] Warning: WARNING: destroy_process_group() was not called before program exit, which can leak resources. For more info, please see https://pytorch.org/docs/stable/distributed.html#shutdown (function operator())
