Loading diffusion model...
Loading restorer...
==========================================================
  Task:              restoration
  Guidance scale:    0.0
  N:                 1  (range [1.0T, 0.7T])
  Steps:             full 1000
  DDIM:              False
  Seed:              1234
  Input:             ../testdata/cropped_faces
==========================================================
[1/1] 0040.png

---
quality_score_v2:    0.1506   <-- PRIMARY (higher = better)
quality_score_old:    4.185   (deprecated, lower = better)
avg_guidance_loss:    189800.846
num_images:           1
total_seconds:        16.1
peak_vram_mb:         1053.6
task:                 restoration
guidance_scale:       0.000
N:                    1
timestep_respacing:   ddpm1000
use_ddim:             False
seed:                 1234
guidance_calls:       95
restorer_calls:       95
s_per_image:          16.07
ms_per_guidance:      169.14
edge_density_avg:              0.9480
edge_density_max:              0.9480
edge_density_min:              0.9480
local_var_mean_avg:              3707.9161
local_var_mean_max:              3707.9161
local_var_mean_min:              3707.9161
naturalness_avg:              0.7091
naturalness_max:              0.7091
naturalness_min:              0.7091
sharpness_avg:              45347.9410
sharpness_gain_avg:              6745.4289
sharpness_gain_max:              6745.4289
sharpness_gain_min:              6745.4289
sharpness_max:              45347.9410
sharpness_min:              45347.9410
ssim_input_avg:              0.0425
ssim_input_max:              0.0425
ssim_input_min:              0.0425
loss_edge_preservation:           7510.004
loss_smooth_semantics:           306543.818

---
[rank0]:[W525 19:14:52.430491052 ProcessGroupNCCL.cpp:1553] Warning: WARNING: destroy_process_group() was not called before program exit, which can leak resources. For more info, please see https://pytorch.org/docs/stable/distributed.html#shutdown (function operator())
