Loading diffusion model...
Loading restorer...
==========================================================
  Task:              restoration
  Guidance scale:    0.0
  N:                 1  (range [1.0T, 0.0T])
  Steps:             full 1000
  DDIM:              False
  Seed:              1234
  Input:             ../testdata/cropped_faces
==========================================================
[1/1] 0040.png

---
quality_score_v2:    2.6311   <-- PRIMARY (higher = better)
quality_score_old:    0.000   (deprecated, lower = better)
avg_guidance_loss:    0.000
num_images:           1
total_seconds:        57.1
peak_vram_mb:         1015.6
task:                 restoration
guidance_scale:       0.000
N:                    1
timestep_respacing:   ddpm1000
use_ddim:             False
seed:                 1234
guidance_calls:       1000
restorer_calls:       0
s_per_image:          57.06
ms_per_guidance:      57.06
edge_density_avg:              0.2546
edge_density_max:              0.2546
edge_density_min:              0.2546
local_var_mean_avg:              161.2420
local_var_mean_max:              161.2420
local_var_mean_min:              161.2420
naturalness_avg:              0.8664
naturalness_max:              0.8664
naturalness_min:              0.8664
sharpness_avg:              37.1980
sharpness_gain_avg:              5.5331
sharpness_gain_max:              5.5331
sharpness_gain_min:              5.5331
sharpness_max:              37.1980
sharpness_min:              37.1980
ssim_input_avg:              0.6074
ssim_input_max:              0.6074
ssim_input_min:              0.6074

---
[rank0]:[W525 19:57:55.823595631 ProcessGroupNCCL.cpp:1553] Warning: WARNING: destroy_process_group() was not called before program exit, which can leak resources. For more info, please see https://pytorch.org/docs/stable/distributed.html#shutdown (function operator())
