Loading diffusion model...
Loading restorer...
==========================================================
  Task:              restoration
  Guidance scale:    0.01
  N:                 1  (range [1.0T, 0.7T])
  Steps:             ddpm50
  DDIM:              False
  Seed:              1234
  Input:             ../testdata/cropped_faces
==========================================================
[1/1] 0040.png

---
quality_score:       8.697   <-- PRIMARY (lower = better)
avg_guidance_loss:   221789.940
num_images:          1
loss_per_image:      221789.940
total_seconds:       10.4
peak_vram_mb:        1019.6
task:                restoration
guidance_scale:      0.010
N:                   1
timestep_respacing:  ddpm50
use_ddim:            False
seed:                1234
guidance_calls:      50
restorer_calls:      50
s_per_image:         10.41
ms_per_guidance:      208.18
sharpness_avg:             25501.237
sharpness_max:             25501.237
sharpness_min:             25501.237
loss_edge_preservation:          0.000
loss_smooth_semantics:          347521.749
[rank0]:[W518 11:32:20.712761217 ProcessGroupNCCL.cpp:1524] Warning: WARNING: destroy_process_group() was not called before program exit, which can leak resources. For more info, please see https://pytorch.org/docs/stable/distributed.html#shutdown (function operator())
