Loading diffusion model...
Loading restorer...
==========================================================
  Task:              restoration
  Guidance scale:    0.1
  N:                 1  (range [1.0T, 0.7T])
  Steps:             full 1000
  DDIM:              False
  Seed:              1234
  Input:             ../testdata/cropped_faces
==========================================================
[1/1] 0040.png

---
quality_score_v2:    0.1720   <-- PRIMARY (higher = better)
quality_score_old:    4.809   (deprecated, lower = better)
avg_guidance_loss:    134861.334
num_images:           1
total_seconds:        14.9
peak_vram_mb:         1065.7
task:                 restoration
guidance_scale:       0.100
N:                    1
timestep_respacing:   ddpm1000
use_ddim:             False
seed:                 1234
guidance_calls:       86
restorer_calls:       86
s_per_image:          14.87
ms_per_guidance:      172.89
edge_density_avg:              0.9501
edge_density_max:              0.9501
edge_density_min:              0.9501
local_var_mean_avg:              956.7189
local_var_mean_max:              956.7189
local_var_mean_min:              956.7189
naturalness_avg:              0.7087
naturalness_max:              0.7087
naturalness_min:              0.7087
sharpness_avg:              28040.7822
sharpness_gain_avg:              4171.0185
sharpness_gain_max:              4171.0185
sharpness_gain_min:              4171.0185
sharpness_max:              28040.7822
sharpness_min:              28040.7822
ssim_input_avg:              0.0485
ssim_input_max:              0.0485
ssim_input_min:              0.0485
loss_edge_preservation:           6402.549
loss_smooth_semantics:           372718.337

---
[rank0]:[W525 19:22:09.794087982 ProcessGroupNCCL.cpp:1553] Warning: WARNING: destroy_process_group() was not called before program exit, which can leak resources. For more info, please see https://pytorch.org/docs/stable/distributed.html#shutdown (function operator())
