Loading diffusion model...
Loading restorer...
==========================================================
  Task:              restoration
  Guidance scale:    0.0
  N:                 1  (range [1.0T, 0.7T])
  Steps:             ddpm50
  DDIM:              False
  Seed:              1234
  Input:             ../testdata/cropped_faces
==========================================================
[1/1] 0040.png

---
quality_score_v2:    0.1802   <-- PRIMARY (higher = better)
quality_score_old:    8.891   (deprecated, lower = better)
avg_guidance_loss:    227688.514
num_images:           1
total_seconds:        10.5
peak_vram_mb:         1018.6
task:                 restoration
guidance_scale:       0.000
N:                    1
timestep_respacing:   ddpm50
use_ddim:             False
seed:                 1234
guidance_calls:       50
restorer_calls:       50
s_per_image:          10.48
ms_per_guidance:      209.69
edge_density_avg:              0.9588
edge_density_max:              0.9588
edge_density_min:              0.9588
local_var_mean_avg:              906.3747
local_var_mean_max:              906.3747
local_var_mean_min:              906.3747
naturalness_avg:              0.7071
naturalness_max:              0.7071
naturalness_min:              0.7071
sharpness_avg:              25609.7647
sharpness_gain_avg:              3809.4088
sharpness_gain_max:              3809.4088
sharpness_gain_min:              3809.4088
sharpness_max:              25609.7647
sharpness_min:              25609.7647
ssim_input_avg:              0.0510
ssim_input_max:              0.0510
ssim_input_min:              0.0510
loss_edge_preservation:           8841.793
loss_smooth_semantics:           347711.097

---
[rank0]:[W525 19:14:33.637087826 ProcessGroupNCCL.cpp:1553] Warning: WARNING: destroy_process_group() was not called before program exit, which can leak resources. For more info, please see https://pytorch.org/docs/stable/distributed.html#shutdown (function operator())
