Loading diffusion model...
Loading restorer...
==========================================================
  Task:              restoration
  Guidance scale:    0.1
  N:                 1  (range [1.0T, 0.7T])
  Steps:             full 1000
  DDIM:              False
  Seed:              1234
  Input:             /tmp/pgdiff_test
==========================================================
[1/1] image.png

---
quality_score:       96.921   <-- PRIMARY (lower = better)
avg_guidance_loss:   7257.249
num_images:          1
loss_per_image:      7257.249
total_seconds:       138.7
peak_vram_mb:        4345.8
task:                restoration
guidance_scale:      0.100
N:                   1
timestep_respacing:  ddpm1000
use_ddim:            False
seed:                1234
guidance_calls:      1000
restorer_calls:      1000
s_per_image:         138.69
ms_per_guidance:      138.69
sharpness_avg:             74.878
sharpness_max:             74.878
sharpness_min:             74.878
loss_edge_preservation:          0.000
loss_smooth_semantics:          8290.698
[rank0]:[W518 11:50:24.963130120 ProcessGroupNCCL.cpp:1524] Warning: WARNING: destroy_process_group() was not called before program exit, which can leak resources. For more info, please see https://pytorch.org/docs/stable/distributed.html#shutdown (function operator())
