Loading diffusion model...
Loading restorer...
==========================================================
  Task:              restoration
  Guidance scale:    0.1
  N:                 1  (range [1.0T, 0.7T])
  Steps:             full 1000
  DDIM:              False
  Seed:              1234
  Input:             ../testdata/cropped_faces
==========================================================
[1/1] 0040.png

---
quality_score_v2:    0.5721   <-- PRIMARY (higher = better)
quality_score_old:    10.138   (deprecated, lower = better)
avg_guidance_loss:    159080.646
num_images:           1
total_seconds:        9.6
peak_vram_mb:         1053.6
task:                 restoration
guidance_scale:       0.100
N:                    1
timestep_respacing:   ddpm1000
use_ddim:             False
seed:                 1234
guidance_calls:       47
restorer_calls:       47
s_per_image:          9.62
ms_per_guidance:      204.63
edge_density_avg:              0.7888
edge_density_max:              0.7888
edge_density_min:              0.7888
local_var_mean_avg:              1770.8386
local_var_mean_max:              1770.8386
local_var_mean_min:              1770.8386
naturalness_avg:              0.7446
naturalness_max:              0.7446
naturalness_min:              0.7446
sharpness_avg:              15691.3214
sharpness_gain_avg:              2334.0573
sharpness_gain_max:              2334.0573
sharpness_gain_min:              2334.0573
sharpness_max:              15691.3214
sharpness_min:              15691.3214
ssim_input_avg:              0.1537
ssim_input_max:              0.1537
ssim_input_min:              0.1537
loss_edge_preservation:           0.000
loss_smooth_semantics:           270961.988

--- STDERR ---
[rank0]:[W525 18:39:19.838122946 ProcessGroupNCCL.cpp:1553] Warning: WARNING: destroy_process_group() was not called before program exit, which can leak resources. For more info, please see https://pytorch.org/docs/stable/distributed.html#shutdown (function operator())
