Loading diffusion model...
Loading restorer...
==========================================================
  Task:              restoration
  Guidance scale:    0.1
  N:                 1  (range [1.0T, 0.7T])
  Steps:             full 1000
  DDIM:              True
  Seed:              1234
  Input:             ../testdata/cropped_faces
==========================================================
[1/1] 0040.png

---
quality_score_v2:    0.4826   <-- PRIMARY (higher = better)
quality_score_old:    6.196   (deprecated, lower = better)
avg_guidance_loss:    154557.436
num_images:           1
total_seconds:        10.9
peak_vram_mb:         1053.6
task:                 restoration
guidance_scale:       0.100
N:                    1
timestep_respacing:   ddpm1000
use_ddim:             True
seed:                 1234
guidance_calls:       57
restorer_calls:       57
s_per_image:          10.88
ms_per_guidance:      190.83
edge_density_avg:              0.8151
edge_density_max:              0.8151
edge_density_min:              0.8151
local_var_mean_avg:              2089.1482
local_var_mean_max:              2089.1482
local_var_mean_min:              2089.1482
naturalness_avg:              0.7378
naturalness_max:              0.7378
naturalness_min:              0.7378
sharpness_avg:              24945.2855
sharpness_gain_avg:              3710.5687
sharpness_gain_max:              3710.5687
sharpness_gain_min:              3710.5687
sharpness_max:              24945.2855
sharpness_min:              24945.2855
ssim_input_avg:              0.1308
ssim_input_max:              0.1308
ssim_input_min:              0.1308
loss_edge_preservation:           4402.723
loss_smooth_semantics:           261143.330

---
[rank0]:[W525 18:46:34.332530497 ProcessGroupNCCL.cpp:1553] Warning: WARNING: destroy_process_group() was not called before program exit, which can leak resources. For more info, please see https://pytorch.org/docs/stable/distributed.html#shutdown (function operator())
