Loading diffusion model...
Loading restorer...
==========================================================
  Task:              restoration
  Guidance scale:    0.1
  N:                 1  (range [1.0T, 0.7T])
  Steps:             full 1000
  DDIM:              True
  Seed:              1234
  Input:             ../testdata/cropped_faces
==========================================================
[1/1] 0040.png

---
quality_score_v2:    0.1714   <-- PRIMARY (higher = better)
quality_score_old:    6.942   (deprecated, lower = better)
avg_guidance_loss:    186319.762
num_images:           1
total_seconds:        7.0
peak_vram_mb:         1031.6
task:                 restoration
guidance_scale:       0.100
N:                    1
timestep_respacing:   ddpm1000
use_ddim:             True
seed:                 1234
guidance_calls:       24
restorer_calls:       24
s_per_image:          7.00
ms_per_guidance:      291.47
edge_density_avg:              0.9637
edge_density_max:              0.9637
edge_density_min:              0.9637
local_var_mean_avg:              969.8279
local_var_mean_max:              969.8279
local_var_mean_min:              969.8279
naturalness_avg:              0.7062
naturalness_max:              0.7062
naturalness_min:              0.7062
sharpness_avg:              26840.0840
sharpness_gain_avg:              3992.4167
sharpness_gain_max:              3992.4167
sharpness_gain_min:              3992.4167
sharpness_max:              26840.0840
sharpness_min:              26840.0840
ssim_input_avg:              0.0485
ssim_input_max:              0.0485
ssim_input_min:              0.0485
loss_edge_preservation:           7616.961
loss_smooth_semantics:           316696.208

---
[rank0]:[W525 19:07:35.286571938 ProcessGroupNCCL.cpp:1553] Warning: WARNING: destroy_process_group() was not called before program exit, which can leak resources. For more info, please see https://pytorch.org/docs/stable/distributed.html#shutdown (function operator())
