Loading diffusion model...
Loading restorer...
==========================================================
  Task:              restoration
  Guidance scale:    0.1
  N:                 1  (range [1.0T, 0.7T])
  Steps:             full 1000
  DDIM:              False
  Seed:              1234
  Input:             ../testdata/cropped_faces
==========================================================
[1/1] 0040.png

---
quality_score_v2:    0.1705   <-- PRIMARY (higher = better)
quality_score_old:    4.338   (deprecated, lower = better)
avg_guidance_loss:    124343.071
num_images:           1
total_seconds:        13.7
peak_vram_mb:         1065.0
task:                 restoration
guidance_scale:       0.100
N:                    1
timestep_respacing:   ddpm1000
use_ddim:             False
seed:                 1234
guidance_calls:       76
restorer_calls:       76
s_per_image:          13.70
ms_per_guidance:      180.31
edge_density_avg:              0.9499
edge_density_max:              0.9499
edge_density_min:              0.9499
local_var_mean_avg:              966.4670
local_var_mean_max:              966.4670
local_var_mean_min:              966.4670
naturalness_avg:              0.7087
naturalness_max:              0.7087
naturalness_min:              0.7087
sharpness_avg:              28662.3802
sharpness_gain_avg:              4263.4802
sharpness_gain_max:              4263.4802
sharpness_gain_min:              4263.4802
sharpness_max:              28662.3802
sharpness_min:              28662.3802
ssim_input_avg:              0.0481
ssim_input_max:              0.0481
ssim_input_min:              0.0481
loss_edge_preservation:           6594.073
loss_smooth_semantics:           370018.534

---
[rank0]:[W525 19:21:29.901124924 ProcessGroupNCCL.cpp:1553] Warning: WARNING: destroy_process_group() was not called before program exit, which can leak resources. For more info, please see https://pytorch.org/docs/stable/distributed.html#shutdown (function operator())
