Loading diffusion model...
Loading restorer...
==========================================================
  Task:              restoration
  Guidance scale:    0.1
  N:                 1  (range [1.0T, 0.7T])
  Steps:             full 1000
  DDIM:              False
  Seed:              1234
  Input:             ../testdata/cropped_faces
==========================================================
[1/1] 0040.png

---
quality_score_v2:    0.8566   <-- PRIMARY (higher = better)
quality_score_old:    10.864   (deprecated, lower = better)
avg_guidance_loss:    137495.970
num_images:           1
total_seconds:        38.3
peak_vram_mb:         1054.6
task:                 restoration
guidance_scale:       0.100
N:                    1
timestep_respacing:   ddpm1000
use_ddim:             False
seed:                 1234
guidance_calls:       269
restorer_calls:       269
s_per_image:          38.31
ms_per_guidance:      142.40
edge_density_avg:              0.8474
edge_density_max:              0.8474
edge_density_min:              0.8474
local_var_mean_avg:              2229.6585
local_var_mean_max:              2229.6585
local_var_mean_min:              2229.6585
naturalness_avg:              0.7299
naturalness_max:              0.7299
naturalness_min:              0.7299
sharpness_avg:              12656.5560
sharpness_gain_avg:              1882.6411
sharpness_gain_max:              1882.6411
sharpness_gain_min:              1882.6411
sharpness_max:              12656.5560
sharpness_min:              12656.5560
ssim_input_avg:              0.2347
ssim_input_max:              0.2347
ssim_input_min:              0.2347
loss_edge_preservation:           3231.742
loss_smooth_semantics:           237557.963

---
[rank0]:[W525 19:24:58.445847476 ProcessGroupNCCL.cpp:1553] Warning: WARNING: destroy_process_group() was not called before program exit, which can leak resources. For more info, please see https://pytorch.org/docs/stable/distributed.html#shutdown (function operator())
