Loading diffusion model...
Loading restorer...
==========================================================
  Task:              restoration
  Guidance scale:    0.1
  N:                 1  (range [1.0T, 0.7T])
  Steps:             full 1000
  DDIM:              True
  Seed:              1234
  Input:             ../testdata/cropped_faces
==========================================================
[1/1] 0040.png

---
quality_score_v2:    0.8489   <-- PRIMARY (higher = better)
quality_score_old:    10.454   (deprecated, lower = better)
avg_guidance_loss:    143153.828
num_images:           1
total_seconds:        14.3
peak_vram_mb:         1053.6
task:                 restoration
guidance_scale:       0.100
N:                    1
timestep_respacing:   ddpm1000
use_ddim:             True
seed:                 1234
guidance_calls:       85
restorer_calls:       85
s_per_image:          14.35
ms_per_guidance:      168.77
edge_density_avg:              0.6855
edge_density_max:              0.6855
edge_density_min:              0.6855
local_var_mean_avg:              1787.0804
local_var_mean_max:              1787.0804
local_var_mean_min:              1787.0804
naturalness_avg:              0.7764
naturalness_max:              0.7764
naturalness_min:              0.7764
sharpness_avg:              13693.2968
sharpness_gain_avg:              2036.8546
sharpness_gain_max:              2036.8546
sharpness_gain_min:              2036.8546
sharpness_max:              13693.2968
sharpness_min:              13693.2968
ssim_input_avg:              0.2187
ssim_input_max:              0.2187
ssim_input_min:              0.2187
loss_edge_preservation:           3931.399
loss_smooth_semantics:           244147.673

---
[rank0]:[W525 18:47:06.983449481 ProcessGroupNCCL.cpp:1553] Warning: WARNING: destroy_process_group() was not called before program exit, which can leak resources. For more info, please see https://pytorch.org/docs/stable/distributed.html#shutdown (function operator())
