Loading diffusion model...
Loading restorer...
==========================================================
  Task:              restoration
  Guidance scale:    0.1
  N:                 1  (range [1.0T, 0.7T])
  Steps:             full 1000
  DDIM:              True
  Seed:              1234
  Input:             ../testdata/cropped_faces
==========================================================
[1/1] 0040.png

---
quality_score_v2:    0.7582   <-- PRIMARY (higher = better)
quality_score_old:    9.362   (deprecated, lower = better)
avg_guidance_loss:    148235.747
num_images:           1
total_seconds:        12.1
peak_vram_mb:         1053.6
task:                 restoration
guidance_scale:       0.100
N:                    1
timestep_respacing:   ddpm1000
use_ddim:             True
seed:                 1234
guidance_calls:       67
restorer_calls:       67
s_per_image:          12.10
ms_per_guidance:      180.63
edge_density_avg:              0.7071
edge_density_max:              0.7071
edge_density_min:              0.7071
local_var_mean_avg:              1824.7935
local_var_mean_max:              1824.7935
local_var_mean_min:              1824.7935
naturalness_avg:              0.7690
naturalness_max:              0.7690
naturalness_min:              0.7690
sharpness_avg:              15833.6963
sharpness_gain_avg:              2355.2353
sharpness_gain_max:              2355.2353
sharpness_gain_min:              2355.2353
sharpness_max:              15833.6963
sharpness_min:              15833.6963
ssim_input_avg:              0.1972
ssim_input_max:              0.1972
ssim_input_min:              0.1972
loss_edge_preservation:           4204.128
loss_smooth_semantics:           251509.101

---
[rank0]:[W525 19:07:01.478525201 ProcessGroupNCCL.cpp:1553] Warning: WARNING: destroy_process_group() was not called before program exit, which can leak resources. For more info, please see https://pytorch.org/docs/stable/distributed.html#shutdown (function operator())
