Loading diffusion model...
Loading restorer...
==========================================================
  Task:              restoration
  Guidance scale:    0.1
  N:                 1  (range [1.0T, 0.0T])
  Steps:             full 1000
  DDIM:              False
  Seed:              1234
  Input:             ../testdata/cropped_faces
==========================================================
[1/1] 0040.png

---
quality_score_v2:    3.6926   <-- PRIMARY (higher = better)
quality_score_old:    57.506   (deprecated, lower = better)
avg_guidance_loss:    2198.292
num_images:           1
total_seconds:        71.9
peak_vram_mb:         1018.0
task:                 restoration
guidance_scale:       0.100
N:                    1
timestep_respacing:   ddpm1000
use_ddim:             False
seed:                 1234
guidance_calls:       1000
restorer_calls:       200
s_per_image:          71.89
ms_per_guidance:      71.89
edge_density_avg:              0.2463
edge_density_max:              0.2463
edge_density_min:              0.2463
local_var_mean_avg:              191.8729
local_var_mean_max:              191.8729
local_var_mean_min:              191.8729
naturalness_avg:              0.8646
naturalness_max:              0.8646
naturalness_min:              0.8646
sharpness_avg:              38.2269
sharpness_gain_avg:              5.6862
sharpness_gain_max:              5.6862
sharpness_gain_min:              5.6862
sharpness_max:              38.2269
sharpness_min:              38.2269
ssim_input_avg:              0.8542
ssim_input_max:              0.8542
ssim_input_min:              0.8542
loss_edge_preservation:           515.553
loss_smooth_semantics:           11878.581

---
[rank0]:[W525 20:03:57.552073478 ProcessGroupNCCL.cpp:1553] Warning: WARNING: destroy_process_group() was not called before program exit, which can leak resources. For more info, please see https://pytorch.org/docs/stable/distributed.html#shutdown (function operator())
