Loading diffusion model...
Loading restorer...
==========================================================
  Task:              restoration
  Guidance scale:    0.1
  N:                 1  (range [1.0T, 0.7T])
  Steps:             full 1000
  DDIM:              False
  Seed:              1234
  Input:             ../testdata/cropped_faces
==========================================================
[1/1] 0040.png

---
quality_score_v2:    0.1713   <-- PRIMARY (higher = better)
quality_score_old:    4.726   (deprecated, lower = better)
avg_guidance_loss:    133208.739
num_images:           1
total_seconds:        20.0
peak_vram_mb:         1065.7
task:                 restoration
guidance_scale:       0.100
N:                    1
timestep_respacing:   ddpm1000
use_ddim:             False
seed:                 1234
guidance_calls:       128
restorer_calls:       128
s_per_image:          20.05
ms_per_guidance:      156.60
edge_density_avg:              0.9491
edge_density_max:              0.9491
edge_density_min:              0.9491
local_var_mean_avg:              961.4197
local_var_mean_max:              961.4197
local_var_mean_min:              961.4197
naturalness_avg:              0.7088
naturalness_max:              0.7088
naturalness_min:              0.7088
sharpness_avg:              28187.5783
sharpness_gain_avg:              4192.8542
sharpness_gain_max:              4192.8542
sharpness_gain_min:              4192.8542
sharpness_max:              28187.5783
sharpness_min:              28187.5783
ssim_input_avg:              0.0483
ssim_input_max:              0.0483
ssim_input_min:              0.0483
loss_edge_preservation:           6572.631
loss_smooth_semantics:           361716.419

---
[rank0]:[W525 19:21:13.387698474 ProcessGroupNCCL.cpp:1553] Warning: WARNING: destroy_process_group() was not called before program exit, which can leak resources. For more info, please see https://pytorch.org/docs/stable/distributed.html#shutdown (function operator())
