Loading diffusion model...
Loading restorer...
==========================================================
  Task:              restoration
  Guidance scale:    0.1
  N:                 1  (range [1.0T, 0.5T])
  Steps:             full 1000
  DDIM:              False
  Seed:              1234
  Input:             ../testdata/cropped_faces
==========================================================
[1/1] 0040.png

---
quality_score_v2:    3.7702   <-- PRIMARY (higher = better)
quality_score_old:    108.457   (deprecated, lower = better)
avg_guidance_loss:    3552.587
num_images:           1
total_seconds:        94.6
peak_vram_mb:         1018.0
task:                 restoration
guidance_scale:       0.100
N:                    1
timestep_respacing:   ddpm1000
use_ddim:             False
seed:                 1234
guidance_calls:       1000
restorer_calls:       500
s_per_image:          94.62
ms_per_guidance:      94.62
edge_density_avg:              0.2063
edge_density_max:              0.2063
edge_density_min:              0.2063
local_var_mean_avg:              223.6727
local_var_mean_max:              223.6727
local_var_mean_min:              223.6727
naturalness_avg:              0.8658
naturalness_max:              0.8658
naturalness_min:              0.8658
sharpness_avg:              32.7557
sharpness_gain_avg:              4.8724
sharpness_gain_max:              4.8724
sharpness_gain_min:              4.8724
sharpness_max:              32.7557
sharpness_min:              32.7557
ssim_input_avg:              0.8937
ssim_input_max:              0.8937
ssim_input_min:              0.8937
loss_edge_preservation:           659.074
loss_smooth_semantics:           7083.535

---
[rank0]:[W525 20:08:05.364722091 ProcessGroupNCCL.cpp:1553] Warning: WARNING: destroy_process_group() was not called before program exit, which can leak resources. For more info, please see https://pytorch.org/docs/stable/distributed.html#shutdown (function operator())
