Loading diffusion model...
Loading restorer...
==========================================================
  Task:              restoration
  Guidance scale:    0.1
  N:                 1  (range [1.0T, 0.7T])
  Steps:             full 1000
  DDIM:              False
  Seed:              1234
  Input:             ../testdata/cropped_faces
==========================================================
[1/1] 0040.png

---
quality_score:       12.186   <-- PRIMARY (lower = better)
avg_guidance_loss:   133731.829
num_images:          1
loss_per_image:      133731.829
total_seconds:       49.8
peak_vram_mb:        1055.0
task:                restoration
guidance_scale:      0.100
N:                   1
timestep_respacing:  ddpm1000
use_ddim:            False
seed:                1234
guidance_calls:      351
restorer_calls:      351
s_per_image:         49.75
ms_per_guidance:      141.75
sharpness_avg:             10973.980
sharpness_max:             10973.980
sharpness_min:             10973.980
loss_edge_preservation:          0.000
loss_smooth_semantics:          232367.220
[rank0]:[W518 11:12:13.639461709 ProcessGroupNCCL.cpp:1524] Warning: WARNING: destroy_process_group() was not called before program exit, which can leak resources. For more info, please see https://pytorch.org/docs/stable/distributed.html#shutdown (function operator())
