Loading diffusion model...
Loading restorer...
==========================================================
  Task:              restoration
  Guidance scale:    0.1
  N:                 1  (range [1.0T, 0.0T])
  Steps:             full 1000
  DDIM:              False
  Seed:              1234
  Input:             ../testdata/cropped_faces
==========================================================
[1/1] 0040.png

---
quality_score_v2:    3.8122   <-- PRIMARY (higher = better)
quality_score_old:    71.265   (deprecated, lower = better)
avg_guidance_loss:    2700.233
num_images:           1
total_seconds:        94.7
peak_vram_mb:         1019.0
task:                 restoration
guidance_scale:       0.100
N:                    1
timestep_respacing:   ddpm1000
use_ddim:             False
seed:                 1234
guidance_calls:       1000
restorer_calls:       500
s_per_image:          94.71
ms_per_guidance:      94.71
edge_density_avg:              0.2302
edge_density_max:              0.2302
edge_density_min:              0.2302
local_var_mean_avg:              221.1338
local_var_mean_max:              221.1338
local_var_mean_min:              221.1338
naturalness_avg:              0.8665
naturalness_max:              0.8665
naturalness_min:              0.8665
sharpness_avg:              37.8902
sharpness_gain_avg:              5.6361
sharpness_gain_max:              5.6361
sharpness_gain_min:              5.6361
sharpness_max:              37.8902
sharpness_min:              37.8902
ssim_input_avg:              0.8799
ssim_input_max:              0.8799
ssim_input_min:              0.8799
loss_edge_preservation:           445.715
loss_smooth_semantics:           5565.412

---
[rank0]:[W525 20:01:17.561272098 ProcessGroupNCCL.cpp:1553] Warning: WARNING: destroy_process_group() was not called before program exit, which can leak resources. For more info, please see https://pytorch.org/docs/stable/distributed.html#shutdown (function operator())
