Loading diffusion model...
Loading restorer...
==========================================================
  Task:              restoration
  Guidance scale:    1.0
  N:                 1  (range [1.0T, 0.7T])
  Steps:             full 1000
  DDIM:              True
  Seed:              1234
  Input:             ../testdata/cropped_faces
==========================================================
[1/1] 0040.png

---
quality_score_v2:    0.2520   <-- PRIMARY (higher = better)
quality_score_old:    19.797   (deprecated, lower = better)
avg_guidance_loss:    141845.868
num_images:           1
total_seconds:        9.8
peak_vram_mb:         1053.6
task:                 restoration
guidance_scale:       1.000
N:                    1
timestep_respacing:   ddpm1000
use_ddim:             True
seed:                 1234
guidance_calls:       47
restorer_calls:       47
s_per_image:          9.82
ms_per_guidance:      208.89
edge_density_avg:              0.2662
edge_density_max:              0.2662
edge_density_min:              0.2662
local_var_mean_avg:              2058.5406
local_var_mean_max:              2058.5406
local_var_mean_min:              2058.5406
naturalness_avg:              0.7801
naturalness_max:              0.7801
naturalness_min:              0.7801
sharpness_avg:              7165.1745
sharpness_gain_avg:              1065.8075
sharpness_gain_max:              1065.8075
sharpness_gain_min:              1065.8075
sharpness_max:              7165.1745
sharpness_min:              7165.1745
ssim_input_avg:              0.0646
ssim_input_max:              0.0646
ssim_input_min:              0.0646
loss_edge_preservation:           3353.672
loss_smooth_semantics:           232951.938

---
[rank0]:[W525 19:06:34.398626598 ProcessGroupNCCL.cpp:1553] Warning: WARNING: destroy_process_group() was not called before program exit, which can leak resources. For more info, please see https://pytorch.org/docs/stable/distributed.html#shutdown (function operator())
