Loading diffusion model...
Loading restorer...
==========================================================
  Task:              restoration
  Guidance scale:    0.1
  N:                 1  (range [1.0T, 0.7T])
  Steps:             full 1000
  DDIM:              False
  Seed:              1234
  Input:             /tmp/pgdiff_test
==========================================================
[1/1] image.png

---
quality_score:       96.394   <-- PRIMARY (lower = better)
avg_guidance_loss:   7245.527
num_images:          1
loss_per_image:      7245.527
total_seconds:       136.7
peak_vram_mb:        1019.0
task:                restoration
guidance_scale:      0.100
N:                   1
timestep_respacing:  ddpm1000
use_ddim:            False
seed:                1234
guidance_calls:      1000
restorer_calls:      1000
s_per_image:         136.74
ms_per_guidance:      136.74
sharpness_avg:             75.166
sharpness_max:             75.166
sharpness_min:             75.166
loss_edge_preservation:          0.000
loss_smooth_semantics:          8290.800
[rank0]:[W518 11:53:32.964207308 ProcessGroupNCCL.cpp:1524] Warning: WARNING: destroy_process_group() was not called before program exit, which can leak resources. For more info, please see https://pytorch.org/docs/stable/distributed.html#shutdown (function operator())
