Loading diffusion model...
Loading restorer...
==========================================================
  Task:              restoration
  Guidance scale:    0.1
  N:                 1  (range [1.0T, 0.7T])
  Steps:             full 1000
  DDIM:              False
  Seed:              1234
  Input:             ../testdata/cropped_faces
==========================================================
[1/1] 0040.png

---
quality_score_v2:    0.1728   <-- PRIMARY (higher = better)
quality_score_old:    4.692   (deprecated, lower = better)
avg_guidance_loss:    132010.397
num_images:           1
total_seconds:        13.7
peak_vram_mb:         1065.7
task:                 restoration
guidance_scale:       0.100
N:                    1
timestep_respacing:   ddpm1000
use_ddim:             False
seed:                 1234
guidance_calls:       78
restorer_calls:       78
s_per_image:          13.72
ms_per_guidance:      175.88
edge_density_avg:              0.9499
edge_density_max:              0.9499
edge_density_min:              0.9499
local_var_mean_avg:              952.9215
local_var_mean_max:              952.9215
local_var_mean_min:              952.9215
naturalness_avg:              0.7088
naturalness_max:              0.7088
naturalness_min:              0.7088
sharpness_avg:              28134.7859
sharpness_gain_avg:              4185.0014
sharpness_gain_max:              4185.0014
sharpness_gain_min:              4185.0014
sharpness_max:              28134.7859
sharpness_min:              28134.7859
ssim_input_avg:              0.0488
ssim_input_max:              0.0488
ssim_input_min:              0.0488
loss_edge_preservation:           6644.295
loss_smooth_semantics:           363153.911

---
[rank0]:[W525 19:20:50.585971768 ProcessGroupNCCL.cpp:1553] Warning: WARNING: destroy_process_group() was not called before program exit, which can leak resources. For more info, please see https://pytorch.org/docs/stable/distributed.html#shutdown (function operator())
