Loading diffusion model...
Loading restorer...
==========================================================
  Task:              restoration
  Guidance scale:    0.1
  N:                 1  (range [1.0T, 0.7T])
  Steps:             full 1000
  DDIM:              False
  Seed:              1234
  Input:             ../testdata/cropped_faces
==========================================================
[1/1] 0040.png

---
quality_score_v2:    0.1707   <-- PRIMARY (higher = better)
quality_score_old:    4.771   (deprecated, lower = better)
avg_guidance_loss:    134063.052
num_images:           1
total_seconds:        33.3
peak_vram_mb:         1063.7
task:                 restoration
guidance_scale:       0.100
N:                    1
timestep_respacing:   ddpm1000
use_ddim:             False
seed:                 1234
guidance_calls:       228
restorer_calls:       228
s_per_image:          33.29
ms_per_guidance:      145.99
edge_density_avg:              0.9501
edge_density_max:              0.9501
edge_density_min:              0.9501
local_var_mean_avg:              964.0512
local_var_mean_max:              964.0512
local_var_mean_min:              964.0512
naturalness_avg:              0.7087
naturalness_max:              0.7087
naturalness_min:              0.7087
sharpness_avg:              28097.8720
sharpness_gain_avg:              4179.5105
sharpness_gain_max:              4179.5105
sharpness_gain_min:              4179.5105
sharpness_max:              28097.8720
sharpness_min:              28097.8720
ssim_input_avg:              0.0482
ssim_input_max:              0.0482
ssim_input_min:              0.0482
loss_edge_preservation:           6522.118
loss_smooth_semantics:           360824.010

---
[rank0]:[W525 19:22:59.063543563 ProcessGroupNCCL.cpp:1553] Warning: WARNING: destroy_process_group() was not called before program exit, which can leak resources. For more info, please see https://pytorch.org/docs/stable/distributed.html#shutdown (function operator())
